<?xml version="1.0" encoding="UTF-8"?>
<testsuite name="hello.core.scan.filter.ComponentFilterAppConfigTest" tests="1" skipped="0" failures="0" errors="0" timestamp="2024-08-05T06:42:36" hostname="heetae2632.local" time="0.267">
  <properties/>
  <testcase name="filterScan()" classname="hello.core.scan.filter.ComponentFilterAppConfigTest" time="0.267"/>
  <system-out><![CDATA[]]></system-out>
  <system-err><![CDATA[]]></system-err>
</testsuite>
