<?xml version="1.0" encoding="UTF-8"?>
<testsuite name="hello.core.singleton.ConfigurationSingletonTest" tests="1" skipped="0" failures="1" errors="0" timestamp="2024-08-01T08:58:48" hostname="heetae2632.local" time="0.296">
  <properties/>
  <testcase name="configurationTest()" classname="hello.core.singleton.ConfigurationSingletonTest" time="0.296">
    <failure message="java.lang.AssertionError: &#10;Expecting actual:&#10;  hello.core.member.MemoryMemberRepository@3e2943ab&#10;and:&#10;  hello.core.member.MemoryMemberRepository@4a9f80d3&#10;to refer to the same object" type="java.lang.AssertionError">java.lang.AssertionError: 
Expecting actual:
  hello.core.member.MemoryMemberRepository@3e2943ab
and:
  hello.core.member.MemoryMemberRepository@4a9f80d3
to refer to the same object
	at hello.core.singleton.ConfigurationSingletonTest.configurationTest(ConfigurationSingletonTest.java:30)
	at java.base/java.lang.reflect.Method.invoke(Method.java:568)
	at java.base/java.util.ArrayList.forEach(ArrayList.java:1511)
	at java.base/java.util.ArrayList.forEach(ArrayList.java:1511)
</failure>
  </testcase>
  <system-out><![CDATA[AppConfig.memberService
AppConfig.memberRepository
AppConfig.memberRepository
AppConfig.orderService
AppConfig.memberRepository
memberService -> memberRepository = hello.core.member.MemoryMemberRepository@3e2943ab
orderService -> memberRepository  = hello.core.member.MemoryMemberRepository@70dd7e15
memberRepository = hello.core.member.MemoryMemberRepository@4a9f80d3
]]></system-out>
  <system-err><![CDATA[]]></system-err>
</testsuite>
